<?xml version="1.0" encoding="UTF-8"?>
<testsuite name="com.petstore.CucumberTestSuite" tests="1" skipped="0" failures="0" errors="0" timestamp="2026-03-14T18:06:55" hostname="DESKTOP-I20AEIP" time="16.716">
  <properties/>
  <testcase name="Full CRUD cycle for a pet" classname="com.petstore.CucumberTestSuite" time="16.716"/>
  <system-out><![CDATA[13:06:54.827 [Test worker] DEBUG io.cucumber.core.plugin.SerenityReporter -- SRP:handleTestRunStarted Thread[#1,Test worker,5,main] 
13:06:55.024 [Test worker] DEBUG io.cucumber.core.plugin.SerenityReporter -- SRP:handleTestSourceRead Thread[#1,Test worker,5,main]
13:06:55.025 [Test worker] DEBUG io.cucumber.core.plugin.SerenityReporter -- Running feature from classpath:features/pet_crud.feature
13:06:55.207 [Test worker] INFO  -- ?[96m

-------------------------------------------------------------------------------------
     _______. _______ .______       _______ .__   __.  __  .___________.____    ____ 
    /       ||   ____||   _  \     |   ____||  \ |  | |  | |           |\   \  /   / 
   |   (----`|  |__   |  |_)  |    |  |__   |   \|  | |  | `---|  |----` \   \/   /  
    \   \    |   __|  |      /     |   __|  |  . `  | |  |     |  |       \_    _/   
.----)   |   |  |____ |  |\  \----.|  |____ |  |\   | |  |     |  |         |  |     
|_______/    |_______|| _| `._____||_______||__| \__| |__|     |__|         |__|    
                                                                                     
 News and tutorials at https://serenity-bdd.info                                     
 Documentation at https://serenity-bdd.github.io                                     
 Test Automation Training and Coaching: https://www.serenity-dojo.com                
 Commercial Support: https://www.serenity-dojo.com/serenity-bdd-enterprise-support   
 Join the Serenity Community on Gitter: https://gitter.im/serenity-bdd/serenity-core 
-------------------------------------------------------------------------------------
?[0m
13:06:55.247 [Test worker] DEBUG net.thucydides.core.steps.StepEventBus -- Test suite started for story net.thucydides.model.domain.Story@903c796b
13:06:55.253 [Test worker] INFO  -- Test Suite Started: Pet CRUD Operations
13:06:55.884 [Test worker] DEBUG io.cucumber.core.plugin.SerenityReporter -- SRP:handleTestCaseStarted classpath:features/pet_crud.feature Thread[#1,Test worker,5,main] fea8e664-a82a-4858-ada7-ce5b6c14dc15 at line 7
13:06:55.891 [Test worker] DEBUG net.thucydides.core.steps.session.TestSession -- SRP:SessionStart: id fea8e664-a82a-4858-ada7-ce5b6c14dc15
13:06:55.900 [Test worker] DEBUG io.cucumber.core.plugin.SerenityReporter -- Running feature from classpath:features/pet_crud.feature
13:06:55.906 [Test worker] DEBUG io.cucumber.core.plugin.ScenarioContextParallel -- SRP:addHighPriorityStepEventBusEvent net.thucydides.core.steps.events.SetTestSourceEvent@791c12e3 Thread[#1,Test worker,5,main] Pet CRUD Operations;full-crud-cycle-for-a-pet
13:06:55.921 [Test worker] DEBUG io.cucumber.core.plugin.SerenityReporter -- SRP:startScenario classpath:features/pet_crud.feature Thread[#1,Test worker,5,main] fea8e664-a82a-4858-ada7-ce5b6c14dc15 at line 7
13:06:55.934 [Test worker] DEBUG io.cucumber.core.plugin.ScenarioContextParallel -- SRP:addHighPriorityStepEventBusEvent EventBusEvent TEST_STARTED_EVENT with name Full CRUD cycle for a pet pet-crud-operations;full-crud-cycle-for-a-pet Thread[#1,Test worker,5,main] Pet CRUD Operations;full-crud-cycle-for-a-pet
13:06:55.937 [Test worker] DEBUG net.thucydides.core.steps.session.TestSession -- SRP:SessionAddEvent: id fea8e664-a82a-4858-ada7-ce5b6c14dc15 net.thucydides.core.steps.events.AddDescriptionToCurrentTestEvent@7e72a6cc
13:06:55.943 [Test worker] DEBUG net.thucydides.core.steps.session.TestSession -- SRP:SessionAddEvent: id fea8e664-a82a-4858-ada7-ce5b6c14dc15 EventBusEvent ADD_TAGS_TO_CURRENT_TEST_EVENT []
13:06:55.947 [Test worker] DEBUG net.thucydides.core.steps.session.TestSession -- SRP:SessionAddEvent: id fea8e664-a82a-4858-ada7-ce5b6c14dc15 EventBusEvent ADD_TAGS_TO_CURRENT_TEST_EVENT []
13:06:55.948 [Test worker] DEBUG net.thucydides.core.steps.session.TestSession -- SRP:SessionAddEvent: id fea8e664-a82a-4858-ada7-ce5b6c14dc15 EventBusEvent ADD_TAGS_TO_CURRENT_TEST_EVENT []

Scenario: Full CRUD cycle for a pet                                   ?[90m# features/pet_crud.feature:7?[0m
13:06:55.967 [Test worker] DEBUG io.cucumber.core.plugin.SerenityReporter -- Running feature from classpath:features/pet_crud.feature
13:06:55.969 [Test worker] DEBUG io.cucumber.core.plugin.SerenityReporter -- SRP:handleTestStepStarted  classpath:features/pet_crud.feature Thread[#1,Test worker,5,main] fea8e664-a82a-4858-ada7-ce5b6c14dc15 at line 7
13:06:56.410 [Test worker] DEBUG io.cucumber.core.plugin.SerenityReporter -- SRP:handleTestStepFinished  classpath:features/pet_crud.feature Thread[#1,Test worker,5,main] fea8e664-a82a-4858-ada7-ce5b6c14dc15 at line 7
13:06:56.421 [Test worker] DEBUG io.cucumber.core.plugin.SerenityReporter -- Running feature from classpath:features/pet_crud.feature
13:06:56.422 [Test worker] DEBUG io.cucumber.core.plugin.SerenityReporter -- SRP:handleTestStepStarted  classpath:features/pet_crud.feature Thread[#1,Test worker,5,main] fea8e664-a82a-4858-ada7-ce5b6c14dc15 at line 7
13:06:56.442 [Test worker] DEBUG net.thucydides.core.steps.session.TestSession -- SRP:SessionAddEvent: id fea8e664-a82a-4858-ada7-ce5b6c14dc15 EventBusEvent STEP_STARTED_EVENT Given that the user wants to manage the pet records Given that the user wants to manage the pet records
13:06:56.445 [Test worker] DEBUG net.thucydides.core.steps.session.TestSession -- SRP:SessionAddEvent: id fea8e664-a82a-4858-ada7-ce5b6c14dc15 net.thucydides.core.steps.events.UpdateCurrentStepTitleEvent@550de6b8
13:06:56.455 [Test worker] DEBUG io.cucumber.core.plugin.SerenityReporter -- SRP:handleTestStepFinished  classpath:features/pet_crud.feature Thread[#1,Test worker,5,main] fea8e664-a82a-4858-ada7-ce5b6c14dc15 at line 7
13:06:56.455 [Test worker] DEBUG io.cucumber.core.plugin.SerenityReporter -- Running feature from classpath:features/pet_crud.feature
13:06:56.633 [Test worker] DEBUG net.thucydides.core.steps.session.TestSession -- SRP:SessionAddEvent: id fea8e664-a82a-4858-ada7-ce5b6c14dc15 net.serenitybdd.cucumber.events.StepFinishedWithResultEvent@10947c4e
  ?[32mGiven ?[0m?[32mthat the user wants to manage the pet records?[0m                 ?[90m# com.petstore.stepdefinitions.PetStepDefinitions.setupActor()?[0m
13:06:56.637 [Test worker] DEBUG io.cucumber.core.plugin.SerenityReporter -- Running feature from classpath:features/pet_crud.feature
13:06:56.638 [Test worker] DEBUG io.cucumber.core.plugin.SerenityReporter -- SRP:handleTestStepStarted  classpath:features/pet_crud.feature Thread[#1,Test worker,5,main] fea8e664-a82a-4858-ada7-ce5b6c14dc15 at line 7
13:06:56.639 [Test worker] DEBUG net.thucydides.core.steps.session.TestSession -- SRP:SessionAddEvent: id fea8e664-a82a-4858-ada7-ce5b6c14dc15 EventBusEvent STEP_STARTED_EVENT When they create a new pet with name "Pluto" and status "available" When they create a new pet with name "Pluto" and status "available"
13:06:56.640 [Test worker] DEBUG net.thucydides.core.steps.session.TestSession -- SRP:SessionAddEvent: id fea8e664-a82a-4858-ada7-ce5b6c14dc15 net.thucydides.core.steps.events.UpdateCurrentStepTitleEvent@b46e103
13:06:57.061 [Test worker] DEBUG net.thucydides.core.steps.session.TestSession -- SRP:SessionAddEvent: id fea8e664-a82a-4858-ada7-ce5b6c14dc15 net.thucydides.core.steps.events.CastActorEvent@58aa10f4
13:06:57.093 [Test worker] DEBUG net.thucydides.core.steps.StepInterceptor -- SRP:Actor started step in session EventBusEvent STEP_STARTED_EVENT User add pet User adds a new pet with name com.petstore.models.Pet@1b0e9707.name Thread[#1,Test worker,5,main]
13:06:57.095 [Test worker] DEBUG net.thucydides.core.steps.session.TestSession -- SRP:SessionAddEvent: id fea8e664-a82a-4858-ada7-ce5b6c14dc15 EventBusEvent STEP_STARTED_EVENT User add pet User adds a new pet with name com.petstore.models.Pet@1b0e9707.name
13:06:57.100 [Test worker] DEBUG net.thucydides.core.steps.StepInterceptor -- STARTING STEP: StepInterceptor.testContext - {0} adds a new pet with name #pet.name
13:06:57.348 [Test worker] DEBUG net.thucydides.core.steps.session.TestSession -- SRP:SessionAddEvent: id fea8e664-a82a-4858-ada7-ce5b6c14dc15 net.thucydides.core.steps.events.CastActorEvent@62b09715
13:06:57.357 [Test worker] DEBUG net.thucydides.core.steps.StepInterceptor -- SRP:Actor started step in session EventBusEvent STEP_STARTED_EVENT User post User executes a POST on the resource /pet Thread[#1,Test worker,5,main]
13:06:57.358 [Test worker] DEBUG net.thucydides.core.steps.session.TestSession -- SRP:SessionAddEvent: id fea8e664-a82a-4858-ada7-ce5b6c14dc15 EventBusEvent STEP_STARTED_EVENT User post User executes a POST on the resource /pet
13:06:57.359 [Test worker] DEBUG net.thucydides.core.steps.StepInterceptor -- STARTING STEP: StepInterceptor.testContext - {0} executes a POST on the resource #resource
13:07:06.670 [Test worker] DEBUG net.thucydides.core.steps.session.TestSession -- SRP:SessionAddEvent: id fea8e664-a82a-4858-ada7-ce5b6c14dc15 EventBusEvent RECORD_REST_QUERY_EVENT POST https://petstore.swagger.io/v2/pet
13:07:06.670 [Test worker] DEBUG net.thucydides.core.steps.StepInterceptor -- SRP:Actor finished step in session Thread[#1,Test worker,5,main]
13:07:06.671 [Test worker] DEBUG net.thucydides.core.steps.session.TestSession -- SRP:SessionAddEvent: id fea8e664-a82a-4858-ada7-ce5b6c14dc15 EventBusEvent STEP_FINISHED_EVENT 
13:07:06.672 [Test worker] DEBUG net.thucydides.core.steps.StepInterceptor -- STEP DONE: {0} executes a POST on the resource #resource
13:07:06.686 [Test worker] DEBUG net.thucydides.core.steps.session.TestSession -- SRP:SessionAddEvent: id fea8e664-a82a-4858-ada7-ce5b6c14dc15 EventBusEvent UPDATE_OVERALL_EVENTS 
13:07:06.706 [Test worker] DEBUG net.thucydides.core.steps.StepInterceptor -- SRP:Actor finished step in session Thread[#1,Test worker,5,main]
13:07:06.706 [Test worker] DEBUG net.thucydides.core.steps.session.TestSession -- SRP:SessionAddEvent: id fea8e664-a82a-4858-ada7-ce5b6c14dc15 EventBusEvent STEP_FINISHED_EVENT 
13:07:06.707 [Test worker] DEBUG net.thucydides.core.steps.StepInterceptor -- STEP DONE: {0} adds a new pet with name #pet.name
13:07:06.707 [Test worker] DEBUG net.thucydides.core.steps.session.TestSession -- SRP:SessionAddEvent: id fea8e664-a82a-4858-ada7-ce5b6c14dc15 EventBusEvent UPDATE_OVERALL_EVENTS 
13:07:06.878 [Test worker] DEBUG io.cucumber.core.plugin.SerenityReporter -- SRP:handleTestStepFinished  classpath:features/pet_crud.feature Thread[#1,Test worker,5,main] fea8e664-a82a-4858-ada7-ce5b6c14dc15 at line 7
13:07:06.878 [Test worker] DEBUG io.cucumber.core.plugin.SerenityReporter -- Running feature from classpath:features/pet_crud.feature
13:07:06.879 [Test worker] DEBUG net.thucydides.core.steps.session.TestSession -- SRP:SessionAddEvent: id fea8e664-a82a-4858-ada7-ce5b6c14dc15 net.serenitybdd.cucumber.events.StepFinishedWithResultEvent@21d3d6ec
  ?[32mWhen ?[0m?[32mthey create a new pet with name ?[0m?[32m?[1m"Pluto"?[0m?[32m and status ?[0m?[32m?[1m"available"?[0m ?[90m# com.petstore.stepdefinitions.PetStepDefinitions.createPet(java.lang.String,java.lang.String)?[0m
13:07:06.880 [Test worker] DEBUG io.cucumber.core.plugin.SerenityReporter -- Running feature from classpath:features/pet_crud.feature
13:07:06.881 [Test worker] DEBUG io.cucumber.core.plugin.SerenityReporter -- SRP:handleTestStepStarted  classpath:features/pet_crud.feature Thread[#1,Test worker,5,main] fea8e664-a82a-4858-ada7-ce5b6c14dc15 at line 7
13:07:06.882 [Test worker] DEBUG net.thucydides.core.steps.session.TestSession -- SRP:SessionAddEvent: id fea8e664-a82a-4858-ada7-ce5b6c14dc15 EventBusEvent STEP_STARTED_EVENT Then the pet should be successfully created Then the pet should be successfully created
13:07:06.883 [Test worker] DEBUG net.thucydides.core.steps.session.TestSession -- SRP:SessionAddEvent: id fea8e664-a82a-4858-ada7-ce5b6c14dc15 net.thucydides.core.steps.events.UpdateCurrentStepTitleEvent@49f1184e
13:07:07.318 [Test worker] DEBUG net.thucydides.core.steps.session.TestSession -- SRP:SessionAddEvent: id fea8e664-a82a-4858-ada7-ce5b6c14dc15 EventBusEvent STEP_STARTED_EVENT Then last response status code should be (200) Then last response status code should be (200)
13:07:07.358 [Test worker] DEBUG net.thucydides.core.steps.session.TestSession -- SRP:SessionAddEvent: id fea8e664-a82a-4858-ada7-ce5b6c14dc15 EventBusEvent STEP_FINISHED_EVENT 
13:07:07.376 [Test worker] DEBUG io.cucumber.core.plugin.SerenityReporter -- SRP:handleTestStepFinished  classpath:features/pet_crud.feature Thread[#1,Test worker,5,main] fea8e664-a82a-4858-ada7-ce5b6c14dc15 at line 7
13:07:07.376 [Test worker] DEBUG io.cucumber.core.plugin.SerenityReporter -- Running feature from classpath:features/pet_crud.feature
13:07:07.377 [Test worker] DEBUG net.thucydides.core.steps.session.TestSession -- SRP:SessionAddEvent: id fea8e664-a82a-4858-ada7-ce5b6c14dc15 net.serenitybdd.cucumber.events.StepFinishedWithResultEvent@3a17acd4
  ?[32mThen ?[0m?[32mthe pet should be successfully created?[0m                         ?[90m# com.petstore.stepdefinitions.PetStepDefinitions.verifyCreation()?[0m
13:07:07.378 [Test worker] DEBUG io.cucumber.core.plugin.SerenityReporter -- Running feature from classpath:features/pet_crud.feature
13:07:07.380 [Test worker] DEBUG io.cucumber.core.plugin.SerenityReporter -- SRP:handleTestStepStarted  classpath:features/pet_crud.feature Thread[#1,Test worker,5,main] fea8e664-a82a-4858-ada7-ce5b6c14dc15 at line 7
13:07:07.381 [Test worker] DEBUG net.thucydides.core.steps.session.TestSession -- SRP:SessionAddEvent: id fea8e664-a82a-4858-ada7-ce5b6c14dc15 EventBusEvent STEP_STARTED_EVENT And they consult the pet by its identifier And they consult the pet by its identifier
13:07:07.381 [Test worker] DEBUG net.thucydides.core.steps.session.TestSession -- SRP:SessionAddEvent: id fea8e664-a82a-4858-ada7-ce5b6c14dc15 net.thucydides.core.steps.events.UpdateCurrentStepTitleEvent@8f589d7
13:07:07.411 [Test worker] DEBUG net.thucydides.core.steps.session.TestSession -- SRP:SessionAddEvent: id fea8e664-a82a-4858-ada7-ce5b6c14dc15 net.thucydides.core.steps.events.CastActorEvent@72bdbfe9
13:07:07.413 [Test worker] DEBUG net.thucydides.core.steps.StepInterceptor -- SRP:Actor started step in session EventBusEvent STEP_STARTED_EVENT User consult pet User consults pet with ID 9223372036854775807 Thread[#1,Test worker,5,main]
13:07:07.414 [Test worker] DEBUG net.thucydides.core.steps.session.TestSession -- SRP:SessionAddEvent: id fea8e664-a82a-4858-ada7-ce5b6c14dc15 EventBusEvent STEP_STARTED_EVENT User consult pet User consults pet with ID 9223372036854775807
13:07:07.416 [Test worker] DEBUG net.thucydides.core.steps.StepInterceptor -- STARTING STEP: StepInterceptor.testContext - {0} consults pet with ID #petId
13:07:07.469 [Test worker] DEBUG net.thucydides.core.steps.session.TestSession -- SRP:SessionAddEvent: id fea8e664-a82a-4858-ada7-ce5b6c14dc15 net.thucydides.core.steps.events.CastActorEvent@7e63374b
13:07:07.474 [Test worker] DEBUG net.thucydides.core.steps.StepInterceptor -- SRP:Actor started step in session EventBusEvent STEP_STARTED_EVENT User get User executes a GET on the resource /pet/{petId} Thread[#1,Test worker,5,main]
13:07:07.475 [Test worker] DEBUG net.thucydides.core.steps.session.TestSession -- SRP:SessionAddEvent: id fea8e664-a82a-4858-ada7-ce5b6c14dc15 EventBusEvent STEP_STARTED_EVENT User get User executes a GET on the resource /pet/{petId}
13:07:07.476 [Test worker] DEBUG net.thucydides.core.steps.StepInterceptor -- STARTING STEP: StepInterceptor.testContext - {0} executes a GET on the resource #resource
13:07:08.451 [Test worker] DEBUG net.thucydides.core.steps.session.TestSession -- SRP:SessionAddEvent: id fea8e664-a82a-4858-ada7-ce5b6c14dc15 EventBusEvent RECORD_REST_QUERY_EVENT GET https://petstore.swagger.io/v2/pet/9223372036854775807
13:07:08.452 [Test worker] DEBUG net.thucydides.core.steps.StepInterceptor -- SRP:Actor finished step in session Thread[#1,Test worker,5,main]
13:07:08.452 [Test worker] DEBUG net.thucydides.core.steps.session.TestSession -- SRP:SessionAddEvent: id fea8e664-a82a-4858-ada7-ce5b6c14dc15 EventBusEvent STEP_FINISHED_EVENT 
13:07:08.452 [Test worker] DEBUG net.thucydides.core.steps.StepInterceptor -- STEP DONE: {0} executes a GET on the resource #resource
13:07:08.452 [Test worker] DEBUG net.thucydides.core.steps.session.TestSession -- SRP:SessionAddEvent: id fea8e664-a82a-4858-ada7-ce5b6c14dc15 EventBusEvent UPDATE_OVERALL_EVENTS 
13:07:08.468 [Test worker] DEBUG net.thucydides.core.steps.StepInterceptor -- SRP:Actor finished step in session Thread[#1,Test worker,5,main]
13:07:08.469 [Test worker] DEBUG net.thucydides.core.steps.session.TestSession -- SRP:SessionAddEvent: id fea8e664-a82a-4858-ada7-ce5b6c14dc15 EventBusEvent STEP_FINISHED_EVENT 
13:07:08.469 [Test worker] DEBUG net.thucydides.core.steps.StepInterceptor -- STEP DONE: {0} consults pet with ID #petId
13:07:08.470 [Test worker] DEBUG net.thucydides.core.steps.session.TestSession -- SRP:SessionAddEvent: id fea8e664-a82a-4858-ada7-ce5b6c14dc15 EventBusEvent UPDATE_OVERALL_EVENTS 
13:07:08.486 [Test worker] DEBUG io.cucumber.core.plugin.SerenityReporter -- SRP:handleTestStepFinished  classpath:features/pet_crud.feature Thread[#1,Test worker,5,main] fea8e664-a82a-4858-ada7-ce5b6c14dc15 at line 7
13:07:08.487 [Test worker] DEBUG io.cucumber.core.plugin.SerenityReporter -- Running feature from classpath:features/pet_crud.feature
13:07:08.489 [Test worker] DEBUG net.thucydides.core.steps.session.TestSession -- SRP:SessionAddEvent: id fea8e664-a82a-4858-ada7-ce5b6c14dc15 net.serenitybdd.cucumber.events.StepFinishedWithResultEvent@31859960
  ?[32mAnd ?[0m?[32mthey consult the pet by its identifier?[0m                          ?[90m# com.petstore.stepdefinitions.PetStepDefinitions.consultPet()?[0m
13:07:08.489 [Test worker] DEBUG io.cucumber.core.plugin.SerenityReporter -- Running feature from classpath:features/pet_crud.feature
13:07:08.489 [Test worker] DEBUG io.cucumber.core.plugin.SerenityReporter -- SRP:handleTestStepStarted  classpath:features/pet_crud.feature Thread[#1,Test worker,5,main] fea8e664-a82a-4858-ada7-ce5b6c14dc15 at line 7
13:07:08.490 [Test worker] DEBUG net.thucydides.core.steps.session.TestSession -- SRP:SessionAddEvent: id fea8e664-a82a-4858-ada7-ce5b6c14dc15 EventBusEvent STEP_STARTED_EVENT Then they should see the pet details correctly Then they should see the pet details correctly
13:07:08.490 [Test worker] DEBUG net.thucydides.core.steps.session.TestSession -- SRP:SessionAddEvent: id fea8e664-a82a-4858-ada7-ce5b6c14dc15 net.thucydides.core.steps.events.UpdateCurrentStepTitleEvent@5718e77c
13:07:08.505 [Test worker] DEBUG net.thucydides.core.steps.session.TestSession -- SRP:SessionAddEvent: id fea8e664-a82a-4858-ada7-ce5b6c14dc15 EventBusEvent STEP_STARTED_EVENT Then last response status code should be (200) Then last response status code should be (200)
13:07:08.534 [Test worker] DEBUG net.thucydides.core.steps.session.TestSession -- SRP:SessionAddEvent: id fea8e664-a82a-4858-ada7-ce5b6c14dc15 EventBusEvent STEP_FINISHED_EVENT 
13:07:08.537 [Test worker] DEBUG net.thucydides.core.steps.session.TestSession -- SRP:SessionAddEvent: id fea8e664-a82a-4858-ada7-ce5b6c14dc15 EventBusEvent STEP_STARTED_EVENT Then the pet details$$ lambda/0x000002594a6eebd0 should be 'Pluto' Then the pet details$$ lambda/0x000002594a6eebd0 should be 'Pluto'
13:07:08.569 [Test worker] DEBUG net.thucydides.core.steps.session.TestSession -- SRP:SessionAddEvent: id fea8e664-a82a-4858-ada7-ce5b6c14dc15 EventBusEvent STEP_FINISHED_EVENT 
13:07:08.583 [Test worker] DEBUG io.cucumber.core.plugin.SerenityReporter -- SRP:handleTestStepFinished  classpath:features/pet_crud.feature Thread[#1,Test worker,5,main] fea8e664-a82a-4858-ada7-ce5b6c14dc15 at line 7
13:07:08.583 [Test worker] DEBUG io.cucumber.core.plugin.SerenityReporter -- Running feature from classpath:features/pet_crud.feature
13:07:08.584 [Test worker] DEBUG net.thucydides.core.steps.session.TestSession -- SRP:SessionAddEvent: id fea8e664-a82a-4858-ada7-ce5b6c14dc15 net.serenitybdd.cucumber.events.StepFinishedWithResultEvent@28888124
  ?[32mThen ?[0m?[32mthey should see the pet details correctly?[0m                      ?[90m# com.petstore.stepdefinitions.PetStepDefinitions.verifyPetDetails()?[0m
13:07:08.586 [Test worker] DEBUG io.cucumber.core.plugin.SerenityReporter -- Running feature from classpath:features/pet_crud.feature
13:07:08.588 [Test worker] DEBUG io.cucumber.core.plugin.SerenityReporter -- SRP:handleTestStepStarted  classpath:features/pet_crud.feature Thread[#1,Test worker,5,main] fea8e664-a82a-4858-ada7-ce5b6c14dc15 at line 7
13:07:08.589 [Test worker] DEBUG net.thucydides.core.steps.session.TestSession -- SRP:SessionAddEvent: id fea8e664-a82a-4858-ada7-ce5b6c14dc15 EventBusEvent STEP_STARTED_EVENT When they update the pet status to "sold" When they update the pet status to "sold"
13:07:08.589 [Test worker] DEBUG net.thucydides.core.steps.session.TestSession -- SRP:SessionAddEvent: id fea8e664-a82a-4858-ada7-ce5b6c14dc15 net.thucydides.core.steps.events.UpdateCurrentStepTitleEvent@355b53cc
13:07:08.611 [Test worker] DEBUG net.thucydides.core.steps.session.TestSession -- SRP:SessionAddEvent: id fea8e664-a82a-4858-ada7-ce5b6c14dc15 net.thucydides.core.steps.events.CastActorEvent@2d9df336
13:07:08.614 [Test worker] DEBUG net.thucydides.core.steps.StepInterceptor -- SRP:Actor started step in session EventBusEvent STEP_STARTED_EVENT User update pet User updates pet with ID com.petstore.models.Pet@1b0e9707.id Thread[#1,Test worker,5,main]
13:07:08.614 [Test worker] DEBUG net.thucydides.core.steps.session.TestSession -- SRP:SessionAddEvent: id fea8e664-a82a-4858-ada7-ce5b6c14dc15 EventBusEvent STEP_STARTED_EVENT User update pet User updates pet with ID com.petstore.models.Pet@1b0e9707.id
13:07:08.615 [Test worker] DEBUG net.thucydides.core.steps.StepInterceptor -- STARTING STEP: StepInterceptor.testContext - {0} updates pet with ID #pet.id
13:07:08.691 [Test worker] DEBUG net.thucydides.core.steps.session.TestSession -- SRP:SessionAddEvent: id fea8e664-a82a-4858-ada7-ce5b6c14dc15 net.thucydides.core.steps.events.CastActorEvent@4509b7
13:07:08.695 [Test worker] DEBUG net.thucydides.core.steps.StepInterceptor -- SRP:Actor started step in session EventBusEvent STEP_STARTED_EVENT User put User executes a PUT on the resource /pet Thread[#1,Test worker,5,main]
13:07:08.696 [Test worker] DEBUG net.thucydides.core.steps.session.TestSession -- SRP:SessionAddEvent: id fea8e664-a82a-4858-ada7-ce5b6c14dc15 EventBusEvent STEP_STARTED_EVENT User put User executes a PUT on the resource /pet
13:07:08.696 [Test worker] DEBUG net.thucydides.core.steps.StepInterceptor -- STARTING STEP: StepInterceptor.testContext - {0} executes a PUT on the resource #resource
13:07:09.490 [Test worker] DEBUG net.thucydides.core.steps.session.TestSession -- SRP:SessionAddEvent: id fea8e664-a82a-4858-ada7-ce5b6c14dc15 EventBusEvent RECORD_REST_QUERY_EVENT PUT https://petstore.swagger.io/v2/pet
13:07:09.490 [Test worker] DEBUG net.thucydides.core.steps.StepInterceptor -- SRP:Actor finished step in session Thread[#1,Test worker,5,main]
13:07:09.492 [Test worker] DEBUG net.thucydides.core.steps.session.TestSession -- SRP:SessionAddEvent: id fea8e664-a82a-4858-ada7-ce5b6c14dc15 EventBusEvent STEP_FINISHED_EVENT 
13:07:09.492 [Test worker] DEBUG net.thucydides.core.steps.StepInterceptor -- STEP DONE: {0} executes a PUT on the resource #resource
13:07:09.493 [Test worker] DEBUG net.thucydides.core.steps.session.TestSession -- SRP:SessionAddEvent: id fea8e664-a82a-4858-ada7-ce5b6c14dc15 EventBusEvent UPDATE_OVERALL_EVENTS 
13:07:09.507 [Test worker] DEBUG net.thucydides.core.steps.StepInterceptor -- SRP:Actor finished step in session Thread[#1,Test worker,5,main]
13:07:09.508 [Test worker] DEBUG net.thucydides.core.steps.session.TestSession -- SRP:SessionAddEvent: id fea8e664-a82a-4858-ada7-ce5b6c14dc15 EventBusEvent STEP_FINISHED_EVENT 
13:07:09.508 [Test worker] DEBUG net.thucydides.core.steps.StepInterceptor -- STEP DONE: {0} updates pet with ID #pet.id
13:07:09.509 [Test worker] DEBUG net.thucydides.core.steps.session.TestSession -- SRP:SessionAddEvent: id fea8e664-a82a-4858-ada7-ce5b6c14dc15 EventBusEvent UPDATE_OVERALL_EVENTS 
13:07:09.525 [Test worker] DEBUG io.cucumber.core.plugin.SerenityReporter -- SRP:handleTestStepFinished  classpath:features/pet_crud.feature Thread[#1,Test worker,5,main] fea8e664-a82a-4858-ada7-ce5b6c14dc15 at line 7
13:07:09.525 [Test worker] DEBUG io.cucumber.core.plugin.SerenityReporter -- Running feature from classpath:features/pet_crud.feature
13:07:09.527 [Test worker] DEBUG net.thucydides.core.steps.session.TestSession -- SRP:SessionAddEvent: id fea8e664-a82a-4858-ada7-ce5b6c14dc15 net.serenitybdd.cucumber.events.StepFinishedWithResultEvent@66a99584
  ?[32mWhen ?[0m?[32mthey update the pet status to ?[0m?[32m?[1m"sold"?[0m                           ?[90m# com.petstore.stepdefinitions.PetStepDefinitions.updatePetStatus(java.lang.String)?[0m
13:07:09.527 [Test worker] DEBUG io.cucumber.core.plugin.SerenityReporter -- Running feature from classpath:features/pet_crud.feature
13:07:09.528 [Test worker] DEBUG io.cucumber.core.plugin.SerenityReporter -- SRP:handleTestStepStarted  classpath:features/pet_crud.feature Thread[#1,Test worker,5,main] fea8e664-a82a-4858-ada7-ce5b6c14dc15 at line 7
13:07:09.528 [Test worker] DEBUG net.thucydides.core.steps.session.TestSession -- SRP:SessionAddEvent: id fea8e664-a82a-4858-ada7-ce5b6c14dc15 EventBusEvent STEP_STARTED_EVENT Then the pet status should be updated successfully Then the pet status should be updated successfully
13:07:09.529 [Test worker] DEBUG net.thucydides.core.steps.session.TestSession -- SRP:SessionAddEvent: id fea8e664-a82a-4858-ada7-ce5b6c14dc15 net.thucydides.core.steps.events.UpdateCurrentStepTitleEvent@3945886e
13:07:09.532 [Test worker] DEBUG net.thucydides.core.steps.session.TestSession -- SRP:SessionAddEvent: id fea8e664-a82a-4858-ada7-ce5b6c14dc15 EventBusEvent STEP_STARTED_EVENT Then last response status code should be (200) Then last response status code should be (200)
13:07:09.549 [Test worker] DEBUG net.thucydides.core.steps.session.TestSession -- SRP:SessionAddEvent: id fea8e664-a82a-4858-ada7-ce5b6c14dc15 EventBusEvent STEP_FINISHED_EVENT 
13:07:09.550 [Test worker] DEBUG net.thucydides.core.steps.session.TestSession -- SRP:SessionAddEvent: id fea8e664-a82a-4858-ada7-ce5b6c14dc15 EventBusEvent STEP_STARTED_EVENT Then the pet details$$ lambda/0x000002594a6efb58 should be 'sold' Then the pet details$$ lambda/0x000002594a6efb58 should be 'sold'
13:07:09.573 [Test worker] DEBUG net.thucydides.core.steps.session.TestSession -- SRP:SessionAddEvent: id fea8e664-a82a-4858-ada7-ce5b6c14dc15 EventBusEvent STEP_FINISHED_EVENT 
13:07:09.591 [Test worker] DEBUG io.cucumber.core.plugin.SerenityReporter -- SRP:handleTestStepFinished  classpath:features/pet_crud.feature Thread[#1,Test worker,5,main] fea8e664-a82a-4858-ada7-ce5b6c14dc15 at line 7
13:07:09.591 [Test worker] DEBUG io.cucumber.core.plugin.SerenityReporter -- Running feature from classpath:features/pet_crud.feature
13:07:09.593 [Test worker] DEBUG net.thucydides.core.steps.session.TestSession -- SRP:SessionAddEvent: id fea8e664-a82a-4858-ada7-ce5b6c14dc15 net.serenitybdd.cucumber.events.StepFinishedWithResultEvent@1dac0784
  ?[32mThen ?[0m?[32mthe pet status should be updated successfully?[0m                  ?[90m# com.petstore.stepdefinitions.PetStepDefinitions.verifyUpdate()?[0m
13:07:09.594 [Test worker] DEBUG io.cucumber.core.plugin.SerenityReporter -- Running feature from classpath:features/pet_crud.feature
13:07:09.595 [Test worker] DEBUG io.cucumber.core.plugin.SerenityReporter -- SRP:handleTestStepStarted  classpath:features/pet_crud.feature Thread[#1,Test worker,5,main] fea8e664-a82a-4858-ada7-ce5b6c14dc15 at line 7
13:07:09.596 [Test worker] DEBUG net.thucydides.core.steps.session.TestSession -- SRP:SessionAddEvent: id fea8e664-a82a-4858-ada7-ce5b6c14dc15 EventBusEvent STEP_STARTED_EVENT When they delete the pet record When they delete the pet record
13:07:09.597 [Test worker] DEBUG net.thucydides.core.steps.session.TestSession -- SRP:SessionAddEvent: id fea8e664-a82a-4858-ada7-ce5b6c14dc15 net.thucydides.core.steps.events.UpdateCurrentStepTitleEvent@3703a400
13:07:09.624 [Test worker] DEBUG net.thucydides.core.steps.session.TestSession -- SRP:SessionAddEvent: id fea8e664-a82a-4858-ada7-ce5b6c14dc15 net.thucydides.core.steps.events.CastActorEvent@5a3be84
13:07:09.626 [Test worker] DEBUG net.thucydides.core.steps.StepInterceptor -- SRP:Actor started step in session EventBusEvent STEP_STARTED_EVENT User delete pet User deletes pet with ID 9223372036854775807 Thread[#1,Test worker,5,main]
13:07:09.627 [Test worker] DEBUG net.thucydides.core.steps.session.TestSession -- SRP:SessionAddEvent: id fea8e664-a82a-4858-ada7-ce5b6c14dc15 EventBusEvent STEP_STARTED_EVENT User delete pet User deletes pet with ID 9223372036854775807
13:07:09.628 [Test worker] DEBUG net.thucydides.core.steps.StepInterceptor -- STARTING STEP: StepInterceptor.testContext - {0} deletes pet with ID #petId
13:07:09.681 [Test worker] DEBUG net.thucydides.core.steps.session.TestSession -- SRP:SessionAddEvent: id fea8e664-a82a-4858-ada7-ce5b6c14dc15 net.thucydides.core.steps.events.CastActorEvent@1322b542
13:07:09.685 [Test worker] DEBUG net.thucydides.core.steps.StepInterceptor -- SRP:Actor started step in session EventBusEvent STEP_STARTED_EVENT User delete User executes a DELETE on the resource /pet/{petId} Thread[#1,Test worker,5,main]
13:07:09.686 [Test worker] DEBUG net.thucydides.core.steps.session.TestSession -- SRP:SessionAddEvent: id fea8e664-a82a-4858-ada7-ce5b6c14dc15 EventBusEvent STEP_STARTED_EVENT User delete User executes a DELETE on the resource /pet/{petId}
13:07:09.687 [Test worker] DEBUG net.thucydides.core.steps.StepInterceptor -- STARTING STEP: StepInterceptor.testContext - {0} executes a DELETE on the resource #resource
13:07:10.600 [Test worker] DEBUG net.thucydides.core.steps.session.TestSession -- SRP:SessionAddEvent: id fea8e664-a82a-4858-ada7-ce5b6c14dc15 EventBusEvent RECORD_REST_QUERY_EVENT DELETE https://petstore.swagger.io/v2/pet/9223372036854775807
13:07:10.600 [Test worker] DEBUG net.thucydides.core.steps.StepInterceptor -- SRP:Actor finished step in session Thread[#1,Test worker,5,main]
13:07:10.600 [Test worker] DEBUG net.thucydides.core.steps.session.TestSession -- SRP:SessionAddEvent: id fea8e664-a82a-4858-ada7-ce5b6c14dc15 EventBusEvent STEP_FINISHED_EVENT 
13:07:10.601 [Test worker] DEBUG net.thucydides.core.steps.StepInterceptor -- STEP DONE: {0} executes a DELETE on the resource #resource
13:07:10.601 [Test worker] DEBUG net.thucydides.core.steps.session.TestSession -- SRP:SessionAddEvent: id fea8e664-a82a-4858-ada7-ce5b6c14dc15 EventBusEvent UPDATE_OVERALL_EVENTS 
13:07:10.615 [Test worker] DEBUG net.thucydides.core.steps.StepInterceptor -- SRP:Actor finished step in session Thread[#1,Test worker,5,main]
13:07:10.616 [Test worker] DEBUG net.thucydides.core.steps.session.TestSession -- SRP:SessionAddEvent: id fea8e664-a82a-4858-ada7-ce5b6c14dc15 EventBusEvent STEP_FINISHED_EVENT 
13:07:10.616 [Test worker] DEBUG net.thucydides.core.steps.StepInterceptor -- STEP DONE: {0} deletes pet with ID #petId
13:07:10.616 [Test worker] DEBUG net.thucydides.core.steps.session.TestSession -- SRP:SessionAddEvent: id fea8e664-a82a-4858-ada7-ce5b6c14dc15 EventBusEvent UPDATE_OVERALL_EVENTS 
13:07:10.628 [Test worker] DEBUG io.cucumber.core.plugin.SerenityReporter -- SRP:handleTestStepFinished  classpath:features/pet_crud.feature Thread[#1,Test worker,5,main] fea8e664-a82a-4858-ada7-ce5b6c14dc15 at line 7
13:07:10.628 [Test worker] DEBUG io.cucumber.core.plugin.SerenityReporter -- Running feature from classpath:features/pet_crud.feature
13:07:10.629 [Test worker] DEBUG net.thucydides.core.steps.session.TestSession -- SRP:SessionAddEvent: id fea8e664-a82a-4858-ada7-ce5b6c14dc15 net.serenitybdd.cucumber.events.StepFinishedWithResultEvent@c7c07ff
  ?[32mWhen ?[0m?[32mthey delete the pet record?[0m                                     ?[90m# com.petstore.stepdefinitions.PetStepDefinitions.deletePet()?[0m
13:07:10.629 [Test worker] DEBUG io.cucumber.core.plugin.SerenityReporter -- Running feature from classpath:features/pet_crud.feature
13:07:10.630 [Test worker] DEBUG io.cucumber.core.plugin.SerenityReporter -- SRP:handleTestStepStarted  classpath:features/pet_crud.feature Thread[#1,Test worker,5,main] fea8e664-a82a-4858-ada7-ce5b6c14dc15 at line 7
13:07:10.630 [Test worker] DEBUG net.thucydides.core.steps.session.TestSession -- SRP:SessionAddEvent: id fea8e664-a82a-4858-ada7-ce5b6c14dc15 EventBusEvent STEP_STARTED_EVENT Then the pet record should no longer exist Then the pet record should no longer exist
13:07:10.631 [Test worker] DEBUG net.thucydides.core.steps.session.TestSession -- SRP:SessionAddEvent: id fea8e664-a82a-4858-ada7-ce5b6c14dc15 net.thucydides.core.steps.events.UpdateCurrentStepTitleEvent@d271d6c
13:07:10.632 [Test worker] DEBUG net.thucydides.core.steps.session.TestSession -- SRP:SessionAddEvent: id fea8e664-a82a-4858-ada7-ce5b6c14dc15 EventBusEvent STEP_STARTED_EVENT Then last response status code should be (200) Then last response status code should be (200)
13:07:10.645 [Test worker] DEBUG net.thucydides.core.steps.session.TestSession -- SRP:SessionAddEvent: id fea8e664-a82a-4858-ada7-ce5b6c14dc15 EventBusEvent STEP_FINISHED_EVENT 
13:07:10.661 [Test worker] DEBUG net.thucydides.core.steps.session.TestSession -- SRP:SessionAddEvent: id fea8e664-a82a-4858-ada7-ce5b6c14dc15 net.thucydides.core.steps.events.CastActorEvent@19f1f330
13:07:10.663 [Test worker] DEBUG net.thucydides.core.steps.StepInterceptor -- SRP:Actor started step in session EventBusEvent STEP_STARTED_EVENT User consult pet User consults pet with ID 9223372036854775807 Thread[#1,Test worker,5,main]
13:07:10.664 [Test worker] DEBUG net.thucydides.core.steps.session.TestSession -- SRP:SessionAddEvent: id fea8e664-a82a-4858-ada7-ce5b6c14dc15 EventBusEvent STEP_STARTED_EVENT User consult pet User consults pet with ID 9223372036854775807
13:07:10.664 [Test worker] DEBUG net.thucydides.core.steps.StepInterceptor -- STARTING STEP: StepInterceptor.testContext - {0} consults pet with ID #petId
13:07:10.684 [Test worker] DEBUG net.thucydides.core.steps.session.TestSession -- SRP:SessionAddEvent: id fea8e664-a82a-4858-ada7-ce5b6c14dc15 net.thucydides.core.steps.events.CastActorEvent@72b53f27
13:07:10.687 [Test worker] DEBUG net.thucydides.core.steps.StepInterceptor -- SRP:Actor started step in session EventBusEvent STEP_STARTED_EVENT User get User executes a GET on the resource /pet/{petId} Thread[#1,Test worker,5,main]
13:07:10.688 [Test worker] DEBUG net.thucydides.core.steps.session.TestSession -- SRP:SessionAddEvent: id fea8e664-a82a-4858-ada7-ce5b6c14dc15 EventBusEvent STEP_STARTED_EVENT User get User executes a GET on the resource /pet/{petId}
13:07:10.690 [Test worker] DEBUG net.thucydides.core.steps.StepInterceptor -- STARTING STEP: StepInterceptor.testContext - {0} executes a GET on the resource #resource
13:07:12.241 [Test worker] DEBUG net.thucydides.core.steps.session.TestSession -- SRP:SessionAddEvent: id fea8e664-a82a-4858-ada7-ce5b6c14dc15 EventBusEvent RECORD_REST_QUERY_EVENT GET https://petstore.swagger.io/v2/pet/9223372036854775807
13:07:12.241 [Test worker] DEBUG net.thucydides.core.steps.StepInterceptor -- SRP:Actor finished step in session Thread[#1,Test worker,5,main]
13:07:12.242 [Test worker] DEBUG net.thucydides.core.steps.session.TestSession -- SRP:SessionAddEvent: id fea8e664-a82a-4858-ada7-ce5b6c14dc15 EventBusEvent STEP_FINISHED_EVENT 
13:07:12.242 [Test worker] DEBUG net.thucydides.core.steps.StepInterceptor -- STEP DONE: {0} executes a GET on the resource #resource
13:07:12.242 [Test worker] DEBUG net.thucydides.core.steps.session.TestSession -- SRP:SessionAddEvent: id fea8e664-a82a-4858-ada7-ce5b6c14dc15 EventBusEvent UPDATE_OVERALL_EVENTS 
13:07:12.259 [Test worker] DEBUG net.thucydides.core.steps.StepInterceptor -- SRP:Actor finished step in session Thread[#1,Test worker,5,main]
13:07:12.260 [Test worker] DEBUG net.thucydides.core.steps.session.TestSession -- SRP:SessionAddEvent: id fea8e664-a82a-4858-ada7-ce5b6c14dc15 EventBusEvent STEP_FINISHED_EVENT 
13:07:12.260 [Test worker] DEBUG net.thucydides.core.steps.StepInterceptor -- STEP DONE: {0} consults pet with ID #petId
13:07:12.261 [Test worker] DEBUG net.thucydides.core.steps.session.TestSession -- SRP:SessionAddEvent: id fea8e664-a82a-4858-ada7-ce5b6c14dc15 EventBusEvent UPDATE_OVERALL_EVENTS 
13:07:12.282 [Test worker] DEBUG net.thucydides.core.steps.session.TestSession -- SRP:SessionAddEvent: id fea8e664-a82a-4858-ada7-ce5b6c14dc15 EventBusEvent STEP_STARTED_EVENT Then last response status code should be (404) Then last response status code should be (404)
13:07:12.305 [Test worker] DEBUG net.thucydides.core.steps.session.TestSession -- SRP:SessionAddEvent: id fea8e664-a82a-4858-ada7-ce5b6c14dc15 EventBusEvent STEP_FINISHED_EVENT 
13:07:12.325 [Test worker] DEBUG io.cucumber.core.plugin.SerenityReporter -- SRP:handleTestStepFinished  classpath:features/pet_crud.feature Thread[#1,Test worker,5,main] fea8e664-a82a-4858-ada7-ce5b6c14dc15 at line 7
13:07:12.325 [Test worker] DEBUG io.cucumber.core.plugin.SerenityReporter -- Running feature from classpath:features/pet_crud.feature
13:07:12.326 [Test worker] DEBUG net.thucydides.core.steps.session.TestSession -- SRP:SessionAddEvent: id fea8e664-a82a-4858-ada7-ce5b6c14dc15 net.serenitybdd.cucumber.events.StepFinishedWithResultEvent@6cb43fd3
  ?[32mThen ?[0m?[32mthe pet record should no longer exist?[0m                          ?[90m# com.petstore.stepdefinitions.PetStepDefinitions.verifyDeletion()?[0m
13:07:12.332 [Test worker] DEBUG io.cucumber.core.plugin.SerenityReporter -- SRP:handleTestCaseFinished  classpath:features/pet_crud.feature Thread[#1,Test worker,5,main] fea8e664-a82a-4858-ada7-ce5b6c14dc15 at line 7
13:07:12.332 [Test worker] DEBUG io.cucumber.core.plugin.SerenityReporter -- Running feature from classpath:features/pet_crud.feature
13:07:12.335 [Test worker] DEBUG net.thucydides.core.steps.session.TestSession -- SRP:SessionAddEvent: id fea8e664-a82a-4858-ada7-ce5b6c14dc15 EventBusEvent TEST_FINISHED_EVENT  false scenario Pet CRUD Operations;full-crud-cycle-for-a-pet
13:07:12.336 [Test worker] DEBUG net.thucydides.core.steps.session.TestSession -- SRP:SessionEnd: id fea8e664-a82a-4858-ada7-ce5b6c14dc15
13:07:12.351 [Test worker] DEBUG io.cucumber.core.plugin.SerenityReporter -- SRP:handleTestRunFinished Thread[#1,Test worker,5,main] [classpath:features/pet_crud.feature]
13:07:12.358 [Test worker] DEBUG io.cucumber.core.plugin.ScenarioContextParallel -- SRP:playAllTestEvents for URI classpath:features/pet_crud.feature--{7=[net.thucydides.core.steps.events.AddDescriptionToCurrentTestEvent@7e72a6cc, EventBusEvent ADD_TAGS_TO_CURRENT_TEST_EVENT [], EventBusEvent ADD_TAGS_TO_CURRENT_TEST_EVENT [], EventBusEvent ADD_TAGS_TO_CURRENT_TEST_EVENT [], EventBusEvent STEP_STARTED_EVENT Given that the user wants to manage the pet records Given that the user wants to manage the pet records, net.thucydides.core.steps.events.UpdateCurrentStepTitleEvent@550de6b8, net.serenitybdd.cucumber.events.StepFinishedWithResultEvent@10947c4e, EventBusEvent STEP_STARTED_EVENT When they create a new pet with name "Pluto" and status "available" When they create a new pet with name "Pluto" and status "available", net.thucydides.core.steps.events.UpdateCurrentStepTitleEvent@b46e103, net.thucydides.core.steps.events.CastActorEvent@58aa10f4, EventBusEvent STEP_STARTED_EVENT User add pet User adds a new pet with name com.petstore.models.Pet@1b0e9707.name, net.thucydides.core.steps.events.CastActorEvent@62b09715, EventBusEvent STEP_STARTED_EVENT User post User executes a POST on the resource /pet, EventBusEvent RECORD_REST_QUERY_EVENT POST https://petstore.swagger.io/v2/pet, EventBusEvent STEP_FINISHED_EVENT , EventBusEvent UPDATE_OVERALL_EVENTS , EventBusEvent STEP_FINISHED_EVENT , EventBusEvent UPDATE_OVERALL_EVENTS , net.serenitybdd.cucumber.events.StepFinishedWithResultEvent@21d3d6ec, EventBusEvent STEP_STARTED_EVENT Then the pet should be successfully created Then the pet should be successfully created, net.thucydides.core.steps.events.UpdateCurrentStepTitleEvent@49f1184e, EventBusEvent STEP_STARTED_EVENT Then last response status code should be (200) Then last response status code should be (200), EventBusEvent STEP_FINISHED_EVENT , net.serenitybdd.cucumber.events.StepFinishedWithResultEvent@3a17acd4, EventBusEvent STEP_STARTED_EVENT And they consult the pet by its identifier And they consult the pet by its identifier, net.thucydides.core.steps.events.UpdateCurrentStepTitleEvent@8f589d7, net.thucydides.core.steps.events.CastActorEvent@72bdbfe9, EventBusEvent STEP_STARTED_EVENT User consult pet User consults pet with ID 9223372036854775807, net.thucydides.core.steps.events.CastActorEvent@7e63374b, EventBusEvent STEP_STARTED_EVENT User get User executes a GET on the resource /pet/{petId}, EventBusEvent RECORD_REST_QUERY_EVENT GET https://petstore.swagger.io/v2/pet/9223372036854775807, EventBusEvent STEP_FINISHED_EVENT , EventBusEvent UPDATE_OVERALL_EVENTS , EventBusEvent STEP_FINISHED_EVENT , EventBusEvent UPDATE_OVERALL_EVENTS , net.serenitybdd.cucumber.events.StepFinishedWithResultEvent@31859960, EventBusEvent STEP_STARTED_EVENT Then they should see the pet details correctly Then they should see the pet details correctly, net.thucydides.core.steps.events.UpdateCurrentStepTitleEvent@5718e77c, EventBusEvent STEP_STARTED_EVENT Then last response status code should be (200) Then last response status code should be (200), EventBusEvent STEP_FINISHED_EVENT , EventBusEvent STEP_STARTED_EVENT Then the pet details$$ lambda/0x000002594a6eebd0 should be 'Pluto' Then the pet details$$ lambda/0x000002594a6eebd0 should be 'Pluto', EventBusEvent STEP_FINISHED_EVENT , net.serenitybdd.cucumber.events.StepFinishedWithResultEvent@28888124, EventBusEvent STEP_STARTED_EVENT When they update the pet status to "sold" When they update the pet status to "sold", net.thucydides.core.steps.events.UpdateCurrentStepTitleEvent@355b53cc, net.thucydides.core.steps.events.CastActorEvent@2d9df336, EventBusEvent STEP_STARTED_EVENT User update pet User updates pet with ID com.petstore.models.Pet@1b0e9707.id, net.thucydides.core.steps.events.CastActorEvent@4509b7, EventBusEvent STEP_STARTED_EVENT User put User executes a PUT on the resource /pet, EventBusEvent RECORD_REST_QUERY_EVENT PUT https://petstore.swagger.io/v2/pet, EventBusEvent STEP_FINISHED_EVENT , EventBusEvent UPDATE_OVERALL_EVENTS , EventBusEvent STEP_FINISHED_EVENT , EventBusEvent UPDATE_OVERALL_EVENTS , net.serenitybdd.cucumber.events.StepFinishedWithResultEvent@66a99584, EventBusEvent STEP_STARTED_EVENT Then the pet status should be updated successfully Then the pet status should be updated successfully, net.thucydides.core.steps.events.UpdateCurrentStepTitleEvent@3945886e, EventBusEvent STEP_STARTED_EVENT Then last response status code should be (200) Then last response status code should be (200), EventBusEvent STEP_FINISHED_EVENT , EventBusEvent STEP_STARTED_EVENT Then the pet details$$ lambda/0x000002594a6efb58 should be 'sold' Then the pet details$$ lambda/0x000002594a6efb58 should be 'sold', EventBusEvent STEP_FINISHED_EVENT , net.serenitybdd.cucumber.events.StepFinishedWithResultEvent@1dac0784, EventBusEvent STEP_STARTED_EVENT When they delete the pet record When they delete the pet record, net.thucydides.core.steps.events.UpdateCurrentStepTitleEvent@3703a400, net.thucydides.core.steps.events.CastActorEvent@5a3be84, EventBusEvent STEP_STARTED_EVENT User delete pet User deletes pet with ID 9223372036854775807, net.thucydides.core.steps.events.CastActorEvent@1322b542, EventBusEvent STEP_STARTED_EVENT User delete User executes a DELETE on the resource /pet/{petId}, EventBusEvent RECORD_REST_QUERY_EVENT DELETE https://petstore.swagger.io/v2/pet/9223372036854775807, EventBusEvent STEP_FINISHED_EVENT , EventBusEvent UPDATE_OVERALL_EVENTS , EventBusEvent STEP_FINISHED_EVENT , EventBusEvent UPDATE_OVERALL_EVENTS , net.serenitybdd.cucumber.events.StepFinishedWithResultEvent@c7c07ff, EventBusEvent STEP_STARTED_EVENT Then the pet record should no longer exist Then the pet record should no longer exist, net.thucydides.core.steps.events.UpdateCurrentStepTitleEvent@d271d6c, EventBusEvent STEP_STARTED_EVENT Then last response status code should be (200) Then last response status code should be (200), EventBusEvent STEP_FINISHED_EVENT , net.thucydides.core.steps.events.CastActorEvent@19f1f330, EventBusEvent STEP_STARTED_EVENT User consult pet User consults pet with ID 9223372036854775807, net.thucydides.core.steps.events.CastActorEvent@72b53f27, EventBusEvent STEP_STARTED_EVENT User get User executes a GET on the resource /pet/{petId}, EventBusEvent RECORD_REST_QUERY_EVENT GET https://petstore.swagger.io/v2/pet/9223372036854775807, EventBusEvent STEP_FINISHED_EVENT , EventBusEvent UPDATE_OVERALL_EVENTS , EventBusEvent STEP_FINISHED_EVENT , EventBusEvent UPDATE_OVERALL_EVENTS , EventBusEvent STEP_STARTED_EVENT Then last response status code should be (404) Then last response status code should be (404), EventBusEvent STEP_FINISHED_EVENT , net.serenitybdd.cucumber.events.StepFinishedWithResultEvent@6cb43fd3, EventBusEvent TEST_FINISHED_EVENT  false scenario Pet CRUD Operations;full-crud-cycle-for-a-pet]}
13:07:12.359 [Test worker] DEBUG io.cucumber.core.plugin.ScenarioContextParallel -- SRP:PLAY session events for line   7
13:07:12.360 [Test worker] DEBUG io.cucumber.core.plugin.ScenarioContextParallel -- SRP:EventWithscenarioId   Optional[EventBusEvent TEST_FINISHED_EVENT  false scenario Pet CRUD Operations;full-crud-cycle-for-a-pet]
13:07:12.366 [Test worker] INFO  -- 
  _____   ___   ___   _____     ___   _____     _     ___   _____   ___   ___  
 |_   _| | __| / __| |_   _|   / __| |_   _|   /_\   | _ \ |_   _| | __| |   \ 
   | |   | _|  \__ \   | |     \__ \   | |    / _ \  |   /   | |   | _|  | |) |
   |_|   |___| |___/   |_|     |___/   |_|   /_/ \_\ |_|_\   |_|   |___| |___/ 

Full CRUD cycle for a pet(pet-crud-operations;full-crud-cycle-for-a-pet)
--------------------------------------------------------------------------------
13:07:12.418 [Test worker] DEBUG net.thucydides.core.steps.events.StepFinishedEvent -- SRP:PlayStepFinishedEvent with screenshot size 0
13:07:12.420 [Test worker] DEBUG net.thucydides.core.steps.events.StepFinishedEvent -- SRP:PlayStepFinishedEvent with screenshot size 0
13:07:12.425 [Test worker] DEBUG net.thucydides.core.steps.events.StepFinishedEvent -- SRP:PlayStepFinishedEvent with screenshot size 0
13:07:12.429 [Test worker] DEBUG net.thucydides.core.steps.events.StepFinishedEvent -- SRP:PlayStepFinishedEvent with screenshot size 0
13:07:12.429 [Test worker] DEBUG net.thucydides.core.steps.events.StepFinishedEvent -- SRP:PlayStepFinishedEvent with screenshot size 0
13:07:12.430 [Test worker] DEBUG net.thucydides.core.steps.events.StepFinishedEvent -- SRP:PlayStepFinishedEvent with screenshot size 0
13:07:12.431 [Test worker] DEBUG net.thucydides.core.steps.events.StepFinishedEvent -- SRP:PlayStepFinishedEvent with screenshot size 0
13:07:12.436 [Test worker] DEBUG net.thucydides.core.steps.events.StepFinishedEvent -- SRP:PlayStepFinishedEvent with screenshot size 0
13:07:12.437 [Test worker] DEBUG net.thucydides.core.steps.events.StepFinishedEvent -- SRP:PlayStepFinishedEvent with screenshot size 0
13:07:12.439 [Test worker] DEBUG net.thucydides.core.steps.events.StepFinishedEvent -- SRP:PlayStepFinishedEvent with screenshot size 0
13:07:12.440 [Test worker] DEBUG net.thucydides.core.steps.events.StepFinishedEvent -- SRP:PlayStepFinishedEvent with screenshot size 0
13:07:12.444 [Test worker] DEBUG net.thucydides.core.steps.events.StepFinishedEvent -- SRP:PlayStepFinishedEvent with screenshot size 0
13:07:12.445 [Test worker] DEBUG net.thucydides.core.steps.events.StepFinishedEvent -- SRP:PlayStepFinishedEvent with screenshot size 0
13:07:12.447 [Test worker] DEBUG net.thucydides.core.steps.events.StepFinishedEvent -- SRP:PlayStepFinishedEvent with screenshot size 0
13:07:12.449 [Test worker] DEBUG net.thucydides.core.steps.events.StepFinishedEvent -- SRP:PlayStepFinishedEvent with screenshot size 0
13:07:12.453 [Test worker] DEBUG net.thucydides.core.steps.events.StepFinishedEvent -- SRP:PlayStepFinishedEvent with screenshot size 0
13:07:12.456 [Test worker] DEBUG net.thucydides.core.steps.events.StepFinishedEvent -- SRP:PlayStepFinishedEvent with screenshot size 0
13:07:12.462 [Test worker] INFO  -- ?[92m
  _____   ___   ___   _____     ___     _     ___   ___   ___   ___  
 |_   _| | __| / __| |_   _|   | _ \   /_\   / __| / __| | __| |   \ 
   | |   | _|  \__ \   | |     |  _/  / _ \  \__ \ \__ \ | _|  | |) |
   |_|   |___| |___/   |_|     |_|   /_/ \_\ |___/ |___/ |___| |___/ 

Full CRUD cycle for a pet
----------------------------------------------------------------------?[0m
13:07:12.502 [Test worker] DEBUG io.cucumber.core.plugin.SerenityReporter -- SRP:AllTestOutcomes for uri classpath:features/pet_crud.feature
13:07:12.506 [Test worker] DEBUG io.cucumber.core.plugin.SerenityReporter -- SRP:AllTestOutcomes 1
13:07:12.516 [Test worker] DEBUG net.thucydides.model.reports.ReportService -- Reporting formats: [JSON]
13:07:12.533 [Test worker] DEBUG net.thucydides.model.reports.ReportService -- Reporting formats: [JSON]
13:07:12.560 [Test worker] DEBUG net.thucydides.model.reports.ReportService -- Generating reports for 1 test outcomes using: net.thucydides.model.reports.json.JSONTestOutcomeReporter@41d84abb
13:07:12.565 [pool-1-thread-1] DEBUG net.thucydides.model.reports.ReportService -- Processing test outcome Pet CRUD Operations:Full CRUD cycle for a pet
13:07:12.566 [pool-1-thread-1] DEBUG net.thucydides.model.reports.ReportService -- net.thucydides.model.reports.json.JSONTestOutcomeReporter@41d84abb: Generating report for test outcome: Pet CRUD Operations:Full CRUD cycle for a pet
13:07:12.581 [pool-1-thread-1] DEBUG net.thucydides.model.reports.json.JSONTestOutcomeReporter -- Generating JSON report for Full CRUD cycle for a pet to file C:\Users\usuario\iCloudDrive\SOFKA\AUTO_API_PETSTORE_SCREENPLAY\target\site\serenity\b0e2007cc2a3b7561d63e9e8e29a19766c57db4c20664c2447e8747c7f5500cb.json)
13:07:12.691 [pool-1-thread-1] DEBUG net.thucydides.model.reports.ReportService -- Processing test outcome Pet CRUD Operations:Full CRUD cycle for a pet done
13:07:12.693 [Test worker] DEBUG net.thucydides.model.reports.ReportService -- Shutting down executor service
13:07:12.698 [Test worker] DEBUG net.thucydides.model.reports.ReportService -- Reports generated in: 133 ms
]]></system-out>
  <system-err><![CDATA[]]></system-err>
</testsuite>
