<?xml version="1.0" encoding="UTF-8"?>
<testsuite name="com.petstore.CucumberTestSuite" tests="1" skipped="0" failures="0" errors="0" timestamp="2026-03-18T02:30:15" hostname="DESKTOP-I20AEIP" time="10.783">
  <properties/>
  <testcase name="Full CRUD cycle for a pet" classname="com.petstore.CucumberTestSuite" time="10.783"/>
  <system-out><![CDATA[
?[1mScenario:?[22m Full CRUD cycle for a pet                                     ?[90m# classpath:features/pet_crud.feature:7?[39m
  ?[32mâœ”?[39m ?[32m?[1mGiven ?[22mthat the user wants to manage the pet records?[39m                 ?[90m# com.petstore.stepdefinitions.PetStepDefinitions.setupActor()?[39m
  ?[32mâœ”?[39m ?[32m?[1mWhen ?[22mthey create a new pet with name ?[1m"Pluto"?[22m and status ?[1m"available"?[22m?[39m ?[90m# com.petstore.stepdefinitions.PetStepDefinitions.createPet(java.lang.String,java.lang.String)?[39m
  ?[32mâœ”?[39m ?[32m?[1mThen ?[22mthe pet should be successfully created?[39m                         ?[90m# com.petstore.stepdefinitions.PetStepDefinitions.verifyCreation()?[39m
  ?[32mâœ”?[39m ?[32m?[1mAnd ?[22mthey consult the pet by its identifier?[39m                          ?[90m# com.petstore.stepdefinitions.PetStepDefinitions.consultPet()?[39m
  ?[32mâœ”?[39m ?[32m?[1mThen ?[22mthey should see the pet details correctly?[39m                      ?[90m# com.petstore.stepdefinitions.PetStepDefinitions.verifyPetDetails()?[39m
  ?[32mâœ”?[39m ?[32m?[1mWhen ?[22mthey update the pet status to ?[1m"sold"?[22m?[39m                           ?[90m# com.petstore.stepdefinitions.PetStepDefinitions.updatePetStatus(java.lang.String)?[39m
  ?[32mâœ”?[39m ?[32m?[1mThen ?[22mthe pet status should be updated successfully?[39m                  ?[90m# com.petstore.stepdefinitions.PetStepDefinitions.verifyUpdate()?[39m
  ?[32mâœ”?[39m ?[32m?[1mWhen ?[22mthey delete the pet record?[39m                                     ?[90m# com.petstore.stepdefinitions.PetStepDefinitions.deletePet()?[39m
  ?[32mâœ”?[39m ?[32m?[1mThen ?[22mthe pet record should no longer exist?[39m                          ?[90m# com.petstore.stepdefinitions.PetStepDefinitions.verifyDeletion()?[39m
]]></system-out>
  <system-err><![CDATA[SLF4J(W): No SLF4J providers were found.
SLF4J(W): Defaulting to no-operation (NOP) logger implementation
SLF4J(W): See https://www.slf4j.org/codes.html#noProviders for further details.
SLF4J(W): Class path contains SLF4J bindings targeting slf4j-api versions 1.7.x or earlier.
SLF4J(W): Ignoring binding found at [jar:file:/C:/Users/usuario/.gradle/caches/modules-2/files-2.1/ch.qos.logback/logback-classic/1.2.10/f69d97ef3335c6ab82fc21dfb77ac613f90c1221/logback-classic-1.2.10.jar!/org/slf4j/impl/StaticLoggerBinder.class]
SLF4J(W): See https://www.slf4j.org/codes.html#ignoredBindings for an explanation.
Mar 17, 2026 9:30:26 PM org.junit.platform.launcher.core.DiscoveryIssueNotifier logIssues
WARNING: TestEngine with ID 'cucumber' encountered a non-critical issue during test discovery:

(1) [WARNING] The classpath resource selector 'features' should not be used to select features in a package. Use the package selector with 'features' instead
]]></system-err>
</testsuite>
